/home/ubuntu/miniconda3/envs/python312/lib/python3.12/site-packages/keras/src/layers/reshaping/flatten.py:37: UserWarning: Do not pass an `input_shape`/`input_dim` argument to a layer. When using Sequential models, prefer using an `Input(shape)` object as the first layer in the model instead.
  super().__init__(**kwargs)


===============
MIFE parameters:
X_bit = 11,
Y_bit = 1,
K = 159744,
N = 38,
M = 9462,
n = 13,
m = 1,
B_bit = 230.9532957913302,
q_bit = 248.23869801019245,
alpha = 1.715743884745373e-53
===============


Model: "mlp"
┏━━━━━━━━━━━━━━━━━━━━━━━━━━━━━━━━━┳━━━━━━━━━━━━━━━━━━━━━━━━┳━━━━━━━━━━━━━━━┓
┃ Layer (type)                    ┃ Output Shape           ┃       Param # ┃
┡━━━━━━━━━━━━━━━━━━━━━━━━━━━━━━━━━╇━━━━━━━━━━━━━━━━━━━━━━━━╇━━━━━━━━━━━━━━━┩
│ flatten (Flatten)               │ (None, 110)            │             0 │
├─────────────────────────────────┼────────────────────────┼───────────────┤
│ fc0 (Dense)                     │ (None, 32)             │         3,552 │
├─────────────────────────────────┼────────────────────────┼───────────────┤
│ fc1 (Dense)                     │ (None, 32)             │         1,056 │
├─────────────────────────────────┼────────────────────────┼───────────────┤
│ fc3 (Dense)                     │ (None, 1)              │            33 │
└─────────────────────────────────┴────────────────────────┴───────────────┘
 Total params: 4,641 (18.13 KB)
 Trainable params: 4,641 (18.13 KB)
 Non-trainable params: 0 (0.00 B)
None
client 00-WebDDoS ha f1 0 e sigma 1.0
client 01-LDAP ha f1 0 e sigma 1.0
client 02-Portmap ha f1 0 e sigma 1.0
client 03-DNS ha f1 0 e sigma 1.0
client 04-UDPLag ha f1 0 e sigma 1.0
client 05-NTP ha f1 0 e sigma 1.0
client 06-SNMP ha f1 0 e sigma 1.0
client 07-SSDP ha f1 0 e sigma 1.0
client 08-Syn ha f1 0 e sigma 1.0
client 09-TFTP ha f1 0 e sigma 1.0
client 10-UDP ha f1 0 e sigma 1.0
client 11-NetBIOS ha f1 0 e sigma 1.0
client 12-MSSQL ha f1 0 e sigma 1.0
client 00-WebDDoS ha f1 0 e sigma 1.0
client 01-LDAP ha f1 0 e sigma 1.0
client 02-Portmap ha f1 0 e sigma 1.0
client 03-DNS ha f1 0 e sigma 1.0
client 04-UDPLag ha f1 0 e sigma 1.0
client 05-NTP ha f1 0 e sigma 1.0
client 06-SNMP ha f1 0 e sigma 1.0
client 07-SSDP ha f1 0 e sigma 1.0
client 08-Syn ha f1 0 e sigma 1.0
client 09-TFTP ha f1 0 e sigma 1.0
client 10-UDP ha f1 0 e sigma 1.0
client 11-NetBIOS ha f1 0 e sigma 1.0
client 12-MSSQL ha f1 0 e sigma 1.0
Training client in folder:  DOS2019_highly_unbalanced/00-WebDDoS/
Batch size: 1
Epoch 1/6
321/321 - 1s - 3ms/step - accuracy: 0.8318 - loss: 0.3908 - val_accuracy: 0.8649 - val_loss: 0.2044
Epoch 2/6
321/321 - 1s - 2ms/step - accuracy: 0.9190 - loss: 0.1838 - val_accuracy: 0.9730 - val_loss: 0.0675
Epoch 3/6
321/321 - 1s - 2ms/step - accuracy: 0.9502 - loss: 0.1247 - val_accuracy: 0.9730 - val_loss: 0.0733
Epoch 4/6
321/321 - 1s - 2ms/step - accuracy: 0.9564 - loss: 0.0989 - val_accuracy: 0.9730 - val_loss: 0.0832
Epoch 5/6
321/321 - 1s - 2ms/step - accuracy: 0.9844 - loss: 0.0707 - val_accuracy: 0.9730 - val_loss: 0.0592
Epoch 6/6
321/321 - 1s - 2ms/step - accuracy: 0.9907 - loss: 0.0564 - val_accuracy: 0.9730 - val_loss: 0.0619

Encrypting model...
Encryption time: 46.52 s

Training client in folder:  DOS2019_highly_unbalanced/01-LDAP/
Batch size: 1
Epoch 1/6
633/633 - 1s - 2ms/step - accuracy: 0.9542 - loss: 0.1231 - val_accuracy: 0.5259 - val_loss: 1.4180
Epoch 2/6
633/633 - 1s - 2ms/step - accuracy: 1.0000 - loss: 0.0020 - val_accuracy: 0.5259 - val_loss: 1.5712
Epoch 3/6
633/633 - 1s - 2ms/step - accuracy: 1.0000 - loss: 9.9722e-04 - val_accuracy: 0.5259 - val_loss: 1.6094
Epoch 4/6
633/633 - 1s - 2ms/step - accuracy: 1.0000 - loss: 6.2110e-04 - val_accuracy: 0.5259 - val_loss: 1.6145
Epoch 5/6
633/633 - 1s - 2ms/step - accuracy: 1.0000 - loss: 4.3520e-04 - val_accuracy: 0.5259 - val_loss: 1.6199
Epoch 6/6
633/633 - 1s - 2ms/step - accuracy: 1.0000 - loss: 3.2927e-04 - val_accuracy: 0.5259 - val_loss: 1.6297

Encrypting model...
Encryption time: 47.51 s

Training client in folder:  DOS2019_highly_unbalanced/02-Portmap/
Batch size: 1
Epoch 1/6
1299/1299 - 2s - 2ms/step - accuracy: 0.9461 - loss: 0.1505 - val_accuracy: 0.9793 - val_loss: 0.1294
Epoch 2/6
1299/1299 - 2s - 1ms/step - accuracy: 0.9900 - loss: 0.0394 - val_accuracy: 0.9793 - val_loss: 0.1258
Epoch 3/6
1299/1299 - 2s - 2ms/step - accuracy: 0.9908 - loss: 0.0226 - val_accuracy: 0.9862 - val_loss: 0.1409
Epoch 4/6
1299/1299 - 2s - 1ms/step - accuracy: 0.9969 - loss: 0.0115 - val_accuracy: 0.9862 - val_loss: 0.1615
Epoch 5/6
1299/1299 - 2s - 1ms/step - accuracy: 0.9977 - loss: 0.0067 - val_accuracy: 0.9862 - val_loss: 0.1931
Epoch 6/6
1299/1299 - 2s - 2ms/step - accuracy: 0.9962 - loss: 0.0094 - val_accuracy: 0.9793 - val_loss: 0.2038

Encrypting model...
Encryption time: 47.78 s

Training client in folder:  DOS2019_highly_unbalanced/03-DNS/
Batch size: 2
Epoch 1/6
1298/1298 - 3s - 2ms/step - accuracy: 0.9487 - loss: 0.1631 - val_accuracy: 0.9828 - val_loss: 0.0749
Epoch 2/6
1298/1298 - 3s - 2ms/step - accuracy: 0.9761 - loss: 0.0888 - val_accuracy: 0.9828 - val_loss: 0.0647
Epoch 3/6
1298/1298 - 2s - 2ms/step - accuracy: 0.9769 - loss: 0.0762 - val_accuracy: 0.9828 - val_loss: 0.0580
Epoch 4/6
1298/1298 - 2s - 2ms/step - accuracy: 0.9769 - loss: 0.0703 - val_accuracy: 0.9863 - val_loss: 0.0549
Epoch 5/6
1298/1298 - 2s - 2ms/step - accuracy: 0.9780 - loss: 0.0657 - val_accuracy: 0.9863 - val_loss: 0.0519
Epoch 6/6
1298/1298 - 2s - 2ms/step - accuracy: 0.9788 - loss: 0.0625 - val_accuracy: 0.9863 - val_loss: 0.0502

Encrypting model...
Encryption time: 48.87 s

Training client in folder:  DOS2019_highly_unbalanced/04-UDPLag/
Batch size: 5
Epoch 1/6
1037/1037 - 2s - 2ms/step - accuracy: 0.9551 - loss: 0.1443 - val_accuracy: 0.9983 - val_loss: 0.0172
Epoch 2/6
1037/1037 - 2s - 2ms/step - accuracy: 0.9961 - loss: 0.0275 - val_accuracy: 0.9983 - val_loss: 0.0137
Epoch 3/6
1037/1037 - 2s - 2ms/step - accuracy: 0.9961 - loss: 0.0243 - val_accuracy: 0.9983 - val_loss: 0.0123
Epoch 4/6
1037/1037 - 2s - 2ms/step - accuracy: 0.9961 - loss: 0.0227 - val_accuracy: 0.9983 - val_loss: 0.0110
Epoch 5/6
1037/1037 - 2s - 2ms/step - accuracy: 0.9959 - loss: 0.0212 - val_accuracy: 0.9983 - val_loss: 0.0097
Epoch 6/6
1037/1037 - 2s - 2ms/step - accuracy: 0.9958 - loss: 0.0201 - val_accuracy: 0.9983 - val_loss: 0.0079

Encrypting model...
Encryption time: 49.72 s

Training client in folder:  DOS2019_highly_unbalanced/05-NTP/
Batch size: 10
Epoch 1/6
1038/1038 - 2s - 2ms/step - accuracy: 0.9389 - loss: 0.1902 - val_accuracy: 0.9575 - val_loss: 0.1158
Epoch 2/6
1038/1038 - 2s - 2ms/step - accuracy: 0.9703 - loss: 0.1085 - val_accuracy: 0.9757 - val_loss: 0.1023
Epoch 3/6
1038/1038 - 2s - 2ms/step - accuracy: 0.9751 - loss: 0.0943 - val_accuracy: 0.9783 - val_loss: 0.1016
Epoch 4/6
1038/1038 - 2s - 2ms/step - accuracy: 0.9765 - loss: 0.0864 - val_accuracy: 0.9757 - val_loss: 0.0936
Epoch 5/6
1038/1038 - 2s - 2ms/step - accuracy: 0.9760 - loss: 0.0818 - val_accuracy: 0.9757 - val_loss: 0.0908
Epoch 6/6
1038/1038 - 2s - 2ms/step - accuracy: 0.9776 - loss: 0.0775 - val_accuracy: 0.9757 - val_loss: 0.0883

Encrypting model...
Encryption time: 49.81 s

Training client in folder:  DOS2019_highly_unbalanced/06-SNMP/
Batch size: 20
Epoch 1/6
1039/1039 - 2s - 2ms/step - accuracy: 0.8993 - loss: 0.2248 - val_accuracy: 0.9121 - val_loss: 0.1469
Epoch 2/6
1039/1039 - 2s - 2ms/step - accuracy: 0.9169 - loss: 0.1423 - val_accuracy: 0.9121 - val_loss: 0.1371
Epoch 3/6
1039/1039 - 2s - 2ms/step - accuracy: 0.9231 - loss: 0.1346 - val_accuracy: 0.9121 - val_loss: 0.1284
Epoch 4/6
1039/1039 - 2s - 2ms/step - accuracy: 0.9293 - loss: 0.1280 - val_accuracy: 0.9796 - val_loss: 0.1195
Epoch 5/6
1039/1039 - 2s - 2ms/step - accuracy: 0.9341 - loss: 0.1222 - val_accuracy: 0.9978 - val_loss: 0.1113
Epoch 6/6
1039/1039 - 2s - 2ms/step - accuracy: 0.9370 - loss: 0.1171 - val_accuracy: 0.9654 - val_loss: 0.1043

Encrypting model...
Encryption time: 50.10 s

Training client in folder:  DOS2019_highly_unbalanced/07-SSDP/
Batch size: 41
Epoch 1/6
1012/1012 - 3s - 3ms/step - accuracy: 0.9623 - loss: 0.1300 - val_accuracy: 0.9987 - val_loss: 0.0098
Epoch 2/6
1012/1012 - 2s - 2ms/step - accuracy: 0.9963 - loss: 0.0197 - val_accuracy: 0.9989 - val_loss: 0.0084
Epoch 3/6
1012/1012 - 2s - 2ms/step - accuracy: 0.9964 - loss: 0.0188 - val_accuracy: 0.9989 - val_loss: 0.0082
Epoch 4/6
1012/1012 - 2s - 2ms/step - accuracy: 0.9965 - loss: 0.0183 - val_accuracy: 0.9989 - val_loss: 0.0081
Epoch 5/6
1012/1012 - 2s - 2ms/step - accuracy: 0.9966 - loss: 0.0179 - val_accuracy: 0.9989 - val_loss: 0.0080
Epoch 6/6
1012/1012 - 2s - 2ms/step - accuracy: 0.9966 - loss: 0.0176 - val_accuracy: 0.9989 - val_loss: 0.0080

Encrypting model...
Encryption time: 50.71 s

Training client in folder:  DOS2019_highly_unbalanced/08-Syn/
Batch size: 82
Epoch 1/6
1012/1012 - 3s - 3ms/step - accuracy: 0.9602 - loss: 0.1548 - val_accuracy: 0.9882 - val_loss: 0.0303
Epoch 2/6
1012/1012 - 2s - 2ms/step - accuracy: 0.9959 - loss: 0.0151 - val_accuracy: 0.9990 - val_loss: 0.0091
Epoch 3/6
1012/1012 - 2s - 2ms/step - accuracy: 0.9990 - loss: 0.0050 - val_accuracy: 0.9990 - val_loss: 0.0055
Epoch 4/6
1012/1012 - 2s - 2ms/step - accuracy: 0.9996 - loss: 0.0028 - val_accuracy: 0.9993 - val_loss: 0.0042
Epoch 5/6
1012/1012 - 2s - 2ms/step - accuracy: 0.9998 - loss: 0.0019 - val_accuracy: 0.9995 - val_loss: 0.0036
Epoch 6/6
1012/1012 - 2s - 2ms/step - accuracy: 0.9998 - loss: 0.0014 - val_accuracy: 0.9995 - val_loss: 0.0032

Encrypting model...
Encryption time: 52.28 s

Training client in folder:  DOS2019_highly_unbalanced/09-TFTP/
Batch size: 165
Epoch 1/6
1006/1006 - 3s - 3ms/step - accuracy: 0.9430 - loss: 0.1788 - val_accuracy: 0.9730 - val_loss: 0.0770
Epoch 2/6
1006/1006 - 3s - 3ms/step - accuracy: 0.9829 - loss: 0.0452 - val_accuracy: 0.9973 - val_loss: 0.0250
Epoch 3/6
1006/1006 - 3s - 3ms/step - accuracy: 0.9993 - loss: 0.0178 - val_accuracy: 0.9990 - val_loss: 0.0140
Epoch 4/6
1006/1006 - 3s - 3ms/step - accuracy: 0.9992 - loss: 0.0102 - val_accuracy: 0.9990 - val_loss: 0.0092
Epoch 5/6
1006/1006 - 3s - 3ms/step - accuracy: 0.9993 - loss: 0.0068 - val_accuracy: 0.9991 - val_loss: 0.0070
Epoch 6/6
1006/1006 - 3s - 3ms/step - accuracy: 0.9995 - loss: 0.0052 - val_accuracy: 0.9991 - val_loss: 0.0059

Encrypting model...
Encryption time: 52.28 s

Training client in folder:  DOS2019_highly_unbalanced/10-UDP/
Batch size: 331
Epoch 1/6
1003/1003 - 3s - 3ms/step - accuracy: 0.9731 - loss: 0.1125 - val_accuracy: 0.9984 - val_loss: 0.0099
Epoch 2/6
1003/1003 - 3s - 3ms/step - accuracy: 0.9985 - loss: 0.0087 - val_accuracy: 0.9984 - val_loss: 0.0085
Epoch 3/6
1003/1003 - 3s - 3ms/step - accuracy: 0.9985 - loss: 0.0080 - val_accuracy: 0.9984 - val_loss: 0.0082
Epoch 4/6
1003/1003 - 3s - 3ms/step - accuracy: 0.9985 - loss: 0.0078 - val_accuracy: 0.9983 - val_loss: 0.0081
Epoch 5/6
1003/1003 - 3s - 3ms/step - accuracy: 0.9985 - loss: 0.0077 - val_accuracy: 0.9983 - val_loss: 0.0081
Epoch 6/6
1003/1003 - 3s - 3ms/step - accuracy: 0.9985 - loss: 0.0076 - val_accuracy: 0.9983 - val_loss: 0.0080

Encrypting model...
Encryption time: 54.00 s

Training client in folder:  DOS2019_highly_unbalanced/11-NetBIOS/
Batch size: 662
Epoch 1/6
1003/1003 - 4s - 4ms/step - accuracy: 0.9066 - loss: 0.2044 - val_accuracy: 0.9149 - val_loss: 0.1233
Epoch 2/6
1003/1003 - 3s - 3ms/step - accuracy: 0.9183 - loss: 0.1237 - val_accuracy: 0.9150 - val_loss: 0.1207
Epoch 3/6
1003/1003 - 4s - 4ms/step - accuracy: 0.9233 - loss: 0.1217 - val_accuracy: 0.9151 - val_loss: 0.1190
Epoch 4/6
1003/1003 - 4s - 4ms/step - accuracy: 0.9273 - loss: 0.1201 - val_accuracy: 0.9151 - val_loss: 0.1177
Epoch 5/6
1003/1003 - 4s - 4ms/step - accuracy: 0.9321 - loss: 0.1184 - val_accuracy: 0.9151 - val_loss: 0.1163
Epoch 6/6
1003/1003 - 3s - 3ms/step - accuracy: 0.9359 - loss: 0.1167 - val_accuracy: 0.9152 - val_loss: 0.1149

Encrypting model...
Encryption time: 55.42 s

Training client in folder:  DOS2019_highly_unbalanced/12-MSSQL/
Batch size: 1325
Epoch 1/6
1002/1002 - 5s - 5ms/step - accuracy: 0.9054 - loss: 0.2879 - val_accuracy: 0.9151 - val_loss: 0.2418
Epoch 2/6
1002/1002 - 4s - 4ms/step - accuracy: 0.9150 - loss: 0.2374 - val_accuracy: 0.9152 - val_loss: 0.2322
Epoch 3/6
1002/1002 - 4s - 4ms/step - accuracy: 0.9151 - loss: 0.2246 - val_accuracy: 0.9152 - val_loss: 0.2139
Epoch 4/6
1002/1002 - 4s - 4ms/step - accuracy: 0.9153 - loss: 0.2155 - val_accuracy: 0.9153 - val_loss: 0.2074
Epoch 5/6
1002/1002 - 4s - 4ms/step - accuracy: 0.9177 - loss: 0.2112 - val_accuracy: 0.9154 - val_loss: 0.2019
Epoch 6/6
1002/1002 - 4s - 4ms/step - accuracy: 0.9164 - loss: 0.2090 - val_accuracy: 0.9148 - val_loss: 0.3402

Encrypting model...
Encryption time: 56.29 s

==============================================
Aggregating models...
